U+3687	kRSUnicode	35.6 66.6
U+4040	kRSUnicode	109.7 72.8
U+4347	kRSUnicode	121.5 121.4
U+44D5	kRSUnicode	140.8 162.8
U+49F9	kRSUnicode	172.5 53.10
U+4E2C	kRSUnicode	90.0 90'.0
U+4E60	kRSUnicode	5.2 15.1
U+4E78	kRSUnicode	5.7 80.3
U+4E80	kRSUnicode	5.10 213''.0
U+4E90	kRSUnicode	1.2 7.1
U+4EB2	kRSUnicode	8.7 117.4
U+51E6	kRSUnicode	16.3 34.2
U+51EC	kRSUnicode	16.5 182.0
U+51FC	kRSUnicode	17.4 85.2
U+520D	kRSUnicode	18.3 58.2
U+521D	kRSUnicode	18.5 145.2
U+5264	kRSUnicode	18.8 210''.2
U+52D7	kRSUnicode	72.7 73.7 19.9
U+52F2	kRSUnicode	19.13 86.11
U+5344	kRSUnicode	1.2 24.1
U+535F	kRSUnicode	25.3 30.2
U+5364	kRSUnicode	25.5 197'.0
U+5367	kRSUnicode	25.6 131.2
U+537F	kRSUnicode	26.8 26.10
U+53AF	kRSUnicode	27.11 61.10
U+53BC	kRSUnicode	28.3 42.2
U+553E	kRSUnicode	30.8 30.9
U+555F	kRSUnicode	66.7 30.8
U+55B6	kRSUnicode	30.9 42.9
U+5655	kRSUnicode	87.11 30.12
U+56CA	kRSUnicode	30.19 145.17
U+5782	kRSUnicode	32.5 33.5
U+57CA	kRSUnicode	32.7 46.7
U+5841	kRSUnicode	32.9 102.7
U+58A8	kRSUnicode	203.3 32.12
U+593B	kRSUnicode	37.3 30.3
U+599B	kRSUnicode	38.4 46.4
U+5A04	kRSUnicode	119.3 38.6
U+5C06	kRSUnicode	41.6 90'.6
U+5C21	kRSUnicode	42.11 10.12
U+5C27	kRSUnicode	43.3 10.4
U+5C2D	kRSUnicode	43.5 10.6
U+5C39	kRSUnicode	4.3 44.1
U+5C57	kRSUnicode	44.7 41.7
U+5C58	kRSUnicode	44.7 39.7
U+5DD7	kRSUnicode	46.19 46.20
U+5DE1	kRSUnicode	162.3 47.4
U+5E42	kRSUnicode	50.9 14.10
U+5F6A	kRSUnicode	141.5 59.8
U+6376	kRSUnicode	64.8 64.9
U+6530	kRSUnicode	65.2 19.4
U+654C	kRSUnicode	66.6 135.4
U+6589	kRSUnicode	67.4 210''.0
U+663C	kRSUnicode	72.5 44.6
U+66F1	kRSUnicode	73.1 102.0
U+6700	kRSUnicode	13.10 73.8
U+6721	kRSUnicode	130.9 74.9
U+6730	kRSUnicode	75.1 5.4
U+6B3D	kRSUnicode	76.8 167.4
U+6B6F	kRSUnicode	77.8 211''.0
U+6B76	kRSUnicode	77.11 114.10
U+6BD7	kRSUnicode	81.5 102.4
U+6C39	kRSUnicode	85.1 5.4
U+6C3D	kRSUnicode	11.4 85.2
U+6CF5	kRSUnicode	112.4 85.5
U+6E20	kRSUnicode	85.9 75.8
U+6ECB	kRSUnicode	85.9 85.10
U+70FE	kRSUnicode	86.7 32.8
U+715B	kRSUnicode	86.10 109.9
U+7262	kRSUnicode	93.3 40.4
U+7275	kRSUnicode	93.5 37.6
U+732A	kRSUnicode	94.8 94.9
U+738A	kRSUnicode	96.1 96.0
U+7409	kRSUnicode	96.6 96.7
U+7551	kRSUnicode	102.4 86.5
U+7553	kRSUnicode	102.4 85.5
U+7568	kRSUnicode	119.5 102.6
U+761F	kRSUnicode	104.9 104.10
U+7640	kRSUnicode	104.12 104.11
U+7740	kRSUnicode	109.7 123.5 109.6
U+7761	kRSUnicode	109.9 109.8
U+79CC	kRSUnicode	115.4 86.5
U+7ADC	kRSUnicode	117.5 212''.0
U+7ADF	kRSUnicode	180.2 117.6
U+7AE0	kRSUnicode	180.2 117.6
U+7FF5	kRSUnicode	124.11 196.6
U+8006	kRSUnicode	125.4 72.6
U+8270	kRSUnicode	138.2 29.6
U+8303	kTotalStrokes	8 9
U+8346	kRSUnicode	140.6 18.8
U+842C	kRSUnicode	114.8 140.9
U+84B8	kRSUnicode	86.10 140.10
U+8531	kRSUnicode	140.11 140.10
U+8652	kRSUnicode	27.8 141.4
U+8996	kRSUnicode	113.7 147.5
U+8D01	kRSUnicode	66.14 154.11
U+8F9E	kRSUnicode	160.6 135.7
U+8FAE	kRSUnicode	160.13 120.14
U+8FF8	kRSUnicode	162.6 162.8
U+9077	kRSUnicode	162.12 162.11
U+96BE	kRSUnicode	172.2 29.8
U+96D0	kRSUnicode	172.6 141.8
U+9756	kRSUnicode	174.5 117.8
U+9765	kRSUnicode	176.6 27.13
U+9848	kRSUnicode	181.8 120.11
U+98F1	kRSUnicode	184.4 78.9
U+9AA8	kTotalStrokes	9 10
U+9D64	kRSUnicode	148.11 196.7
U+9DE0	kRSUnicode	195.11 196.11
U+9EC4	kRSUnicode	201.0 201'.0
U+9ED9	kRSUnicode	86.11 203.4
U+9EEF	kRSUnicode	203.9 180.12
U+9F50	kRSUnicode	210'.0 67.2
U+9F90	kRSUnicode	53.16 212.3
U+9FBD	kRSUnicode	86.11 195.4
U+9FC2	kRSUnicode	159.11 196.7
U+FAAA	kRSUnicode	109.7 123.5
U+FAC8	kRSUnicode	174.5 117.8
U+20063	kRSUnicode	2.3 169.-4
U+20064	kRSUnicode	31.2 146.-1
U+20099	kRSUnicode	4.4 127.-1
U+200DB	kRSUnicode	5.3 169.-4
U+203A4	kRSUnicode	9.12 214.-3
U+2053B	kRSUnicode	134.58 12.62
U+2053E	kRSUnicode	13.2 137.-2
U+2056B	kRSUnicode	61.11 13.13
U+21676	kRSUnicode	37.11 212''.4
U+221A1	kRSUnicode	5.13 39.11 51.11
U+22605	kRSUnicode	61.5 110.4
U+22FA3	kRSUnicode	66.8 66.7
U+2305B	kRSUnicode	66.11 67.11
U+23BE1	kRSUnicode	82.10 212''.4
U+2412F	kRSUnicode	85.18 212''.11
U+243F2	kRSUnicode	86.12 86.11
U+244BC	kRSUnicode	86.19 86.18
U+244F0	kRSUnicode	87.0 97.-1
U+246FF	kRSUnicode	93.15 202.7
U+24B96	kRSUnicode	98.8 98.10
U+25269	kRSUnicode	109.10 212''.5
U+25A9D	kRSUnicode	117.9 212''.4
U+25A9E	kRSUnicode	117.9 212''.4
U+26451	kRSUnicode	61.11 124.8
U+26EC7	kRSUnicode	61.14 45.15
U+2789B	kRSUnicode	147.14 109.16
U+2A060	kRSUnicode	196.7 196.6
U+2A060	kTotalStrokes	18 17
U+2A1FA	kRSUnicode	196.15 202.14
U+2A95B	kRSUnicode	37.10 212''.3
U+2AAA9	kRSUnicode	53.15 55.15
U+2AC6F	kRSUnicode	74.17 212''.11
U+2ADF9	kRSUnicode	85.15 212''.8
U+2AF5E	kRSUnicode	102.10 212''.5
U+2AFC1	kRSUnicode	109.14 212''.9
U+2B3FD	kRSUnicode	159.10 212''.7
U+2B820	kRSUnicode	56.-1 62.-2
U+2B840	kRSUnicode	1.15 210''.8
U+2B84F	kRSUnicode	4.2 66.-1
U+2B8D9	kRSUnicode	75.9 30.10
U+2B8DA	kRSUnicode	75.9 30.10
U+2BDD9	kRSUnicode	51.10 210''.5
U+2C080	kRSUnicode	74.7 130.7
U+2C099	kRSUnicode	74.7 212''.11
U+2C514	kRSUnicode	116.13 212''.8
U+2CEB1	kRSUnicode	1.2 75.-1
U+2CF09	kRSUnicode	4.5 121.-1
U+2D15F	kRSUnicode	23.7 140.6
U+2D80D	kRSUnicode	64.0 62.-1
U+2E13F	kRSUnicode	117.25 212''.20
U+2EBF0	kRSUnicode	1.3 7.2
U+2EBF1	kRSUnicode	3.4 137.-1
U+2EBF2	kRSUnicode	4.3 93.0
U+2EBF3	kRSUnicode	8.12 86.10
U+2EC04	kRSUnicode	14.5 212'.2
U+2EC19	kRSUnicode	32.1 5.3
U+2ED87	kRSUnicode	122.3 55.4
U+2ED8D	kRSUnicode	124.6 15.10
U+2ED96	kRSUnicode	132.4 35.6
U+2F835	kRSUnicode	27.4 86.2
U+3032E	kRSUnicode	39.10 46.10
U+31350	kRSUnicode	1.4 113.0
U+31456	kRSUnicode	25.7 40.6
U+31726	kRSUnicode	50.7 25.8
U+318E8	kRSUnicode	75.8 182''.8
U+31D40	kRSUnicode	112.15 93.16
U+31DBF	kRSUnicode	116.7 85.9
U+31EE2	kRSUnicode	124.10 212''.6
